<?xml version="1.0" encoding="UTF-8"?>
<testng-results ignored="0" total="3" passed="3" failed="0" skipped="0">
  <reporter-output>
  </reporter-output>
  <suite started-at="2024-07-26T18:43:18 IST" name="Default Suite" finished-at="2024-07-26T18:43:44 IST" duration-ms="26259">
    <groups>
    </groups>
    <test started-at="2024-07-26T18:43:18 IST" name="TestProject" finished-at="2024-07-26T18:43:44 IST" duration-ms="26259">
      <class name="TestN.Form_submit">
        <test-method signature="E2e()[pri:0, instance:TestN.Form_submit@290dbf45]" started-at="2024-07-26T18:43:18 IST" name="E2e" finished-at="2024-07-26T18:43:44 IST" duration-ms="26221" status="PASS">
          <reporter-output>
          </reporter-output>
        </test-method> <!-- E2e -->
      </class> <!-- TestN.Form_submit -->
      <class name="TestN.Test02">
        <test-method signature="run()[pri:0, instance:TestN.Test02@4148db48]" started-at="2024-07-26T18:43:44 IST" name="run" finished-at="2024-07-26T18:43:44 IST" duration-ms="1" status="PASS">
          <reporter-output>
          </reporter-output>
        </test-method> <!-- run -->
      </class> <!-- TestN.Test02 -->
      <class name="TestN.test">
        <test-method signature="Test023()[pri:0, instance:TestN.test@701fc37a]" started-at="2024-07-26T18:43:44 IST" name="Test023" finished-at="2024-07-26T18:43:44 IST" duration-ms="0" status="PASS">
          <reporter-output>
          </reporter-output>
        </test-method> <!-- Test023 -->
      </class> <!-- TestN.test -->
    </test> <!-- TestProject -->
  </suite> <!-- Default Suite -->
</testng-results>
